  Camera.cpp
g:\project\c++\raytracer\raytracer\vector3.h(43): warning C4244: 'return': conversion from 'double' to 'float', possible loss of data
  Hitable.cpp
g:\project\c++\raytracer\raytracer\vector3.h(43): warning C4244: 'return': conversion from 'double' to 'float', possible loss of data
  Light.cpp
g:\project\c++\raytracer\raytracer\vector3.h(43): warning C4244: 'return': conversion from 'double' to 'float', possible loss of data
  main.cpp
g:\project\c++\raytracer\raytracer\vector3.h(43): warning C4244: 'return': conversion from 'double' to 'float', possible loss of data
g:\project\c++\raytracer\raytracer\scence.h(5): warning C4099: 'Hit_Data': type name first seen using 'struct' now seen using 'class'
  g:\project\c++\raytracer\raytracer\hitable.h(5): note: see declaration of 'Hit_Data'
g:\project\c++\raytracer\raytracer\main.cpp(36): warning C4244: 'argument': conversion from 'double' to 'float', possible loss of data
g:\project\c++\raytracer\raytracer\main.cpp(36): warning C4305: 'argument': truncation from 'double' to 'float'
g:\project\c++\raytracer\raytracer\main.cpp(112): warning C4244: 'initializing': conversion from 'int' to 'float', possible loss of data
g:\project\c++\raytracer\raytracer\main.cpp(113): warning C4244: 'initializing': conversion from 'int' to 'float', possible loss of data
g:\project\c++\raytracer\raytracer\main.cpp(114): warning C4244: 'initializing': conversion from 'int' to 'float', possible loss of data
  Primitive.cpp
g:\project\c++\raytracer\raytracer\vector3.h(43): warning C4244: 'return': conversion from 'double' to 'float', possible loss of data
  Ray.cpp
g:\project\c++\raytracer\raytracer\vector3.h(43): warning C4244: 'return': conversion from 'double' to 'float', possible loss of data
  Rectangular.cpp
g:\project\c++\raytracer\raytracer\vector3.h(43): warning C4244: 'return': conversion from 'double' to 'float', possible loss of data
  Scence.cpp
g:\project\c++\raytracer\raytracer\hitable.h(6): warning C4099: 'Hit_Data': type name first seen using 'class' now seen using 'struct'
  g:\project\c++\raytracer\raytracer\hitable.h(5): note: see declaration of 'Hit_Data'
g:\tools\visualstudio\build\vc\tools\msvc\14.16.27023\include\memory(1801): warning C4244: 'argument': conversion from '_Ty' to 'float', possible loss of data
          with
          [
              _Ty=double
          ]
  g:\tools\visualstudio\build\vc\tools\msvc\14.16.27023\include\memory(1865): note: see reference to function template instantiation 'std::_Ref_count_obj<_Ty>::_Ref_count_obj<Vector3,double>(Vector3 &&,double &&)' being compiled
          with
          [
              _Ty=Sphere
          ]
  g:\tools\visualstudio\build\vc\tools\msvc\14.16.27023\include\memory(1866): note: see reference to function template instantiation 'std::_Ref_count_obj<_Ty>::_Ref_count_obj<Vector3,double>(Vector3 &&,double &&)' being compiled
          with
          [
              _Ty=Sphere
          ]
  g:\project\c++\raytracer\raytracer\scence.cpp(23): note: see reference to function template instantiation 'std::shared_ptr<Sphere> std::make_shared<Sphere,Vector3,double>(Vector3 &&,double &&)' being compiled
g:\tools\visualstudio\build\vc\tools\msvc\14.16.27023\include\memory(1801): warning C4244: 'argument': conversion from '_Ty' to 'float', possible loss of data
          with
          [
              _Ty=int
          ]
  g:\tools\visualstudio\build\vc\tools\msvc\14.16.27023\include\memory(1865): note: see reference to function template instantiation 'std::_Ref_count_obj<_Ty>::_Ref_count_obj<Vector3,int>(Vector3 &&,int &&)' being compiled
          with
          [
              _Ty=Sphere
          ]
  g:\tools\visualstudio\build\vc\tools\msvc\14.16.27023\include\memory(1866): note: see reference to function template instantiation 'std::_Ref_count_obj<_Ty>::_Ref_count_obj<Vector3,int>(Vector3 &&,int &&)' being compiled
          with
          [
              _Ty=Sphere
          ]
  g:\project\c++\raytracer\raytracer\scence.cpp(26): note: see reference to function template instantiation 'std::shared_ptr<Sphere> std::make_shared<Sphere,Vector3,int>(Vector3 &&,int &&)' being compiled
  Scence_Object.cpp
g:\project\c++\raytracer\raytracer\vector3.h(43): warning C4244: 'return': conversion from 'double' to 'float', possible loss of data
  Sphere.cpp
g:\project\c++\raytracer\raytracer\vector3.h(43): warning C4244: 'return': conversion from 'double' to 'float', possible loss of data
g:\project\c++\raytracer\raytracer\sphere.cpp(6): warning C4305: 'initializing': truncation from 'double' to 'float'
g:\project\c++\raytracer\raytracer\sphere.cpp(48): warning C4244: 'initializing': conversion from 'double' to 'float', possible loss of data
  Vector3.cpp
g:\project\c++\raytracer\raytracer\vector3.h(43): warning C4244: 'return': conversion from 'double' to 'float', possible loss of data
  Generating code
  All 365 functions were compiled because no usable IPDB/IOBJ from previous compilation was found.
  Finished generating code
  RayTracer.vcxproj -> G:\Project\C++\RayTracer\Release\RayTracer.exe
